{
  "RSpec": {
    "coverage": {
      "/Users/khockman/Desktop/Code/NP_team-week/spec/models/nonprofit_spec.rb": [
        1,
        null,
        1,
        2,
        2,
        2,
        2,
        null
      ],
      "/Users/khockman/Desktop/Code/NP_team-week/spec/rails_helper.rb": [
        null,
        null,
        1,
        1,
        1,
        null,
        1,
        1,
        1,
        null,
        1,
        null,
        null,
        null,
        null,
        null,
        null,
        null,
        null,
        null,
        null,
        null,
        null,
        null,
        null,
        null,
        null,
        null,
        1,
        1,
        null,
        0,
        0,
        null,
        1,
        null,
        1,
        1,
        null,
        null,
        null,
        1,
        null,
        null,
        null,
        null,
        null,
        null,
        null,
        null,
        null,
        null,
        null,
        null,
        null,
        null,
        1,
        null,
        null,
        1,
        null,
        null,
        null,
        null,
        null,
        1,
        1,
        1,
        1,
        null,
        null
      ],
      "/Users/khockman/Desktop/Code/NP_team-week/config/environment.rb": [
        null,
        1,
        null,
        null,
        1
      ],
      "/Users/khockman/Desktop/Code/NP_team-week/config/application.rb": [
        1,
        null,
        1,
        null,
        1,
        1,
        1,
        1,
        1,
        1,
        1,
        1,
        1,
        null,
        null,
        null,
        null,
        1,
        null,
        1,
        1,
        null,
        1,
        null,
        null,
        null,
        null,
        null,
        null,
        null,
        1,
        null,
        null
      ],
      "/Users/khockman/Desktop/Code/NP_team-week/config/boot.rb": [
        1,
        null,
        1,
        1
      ],
      "/Users/khockman/Desktop/Code/NP_team-week/config/environments/test.rb": [
        1,
        null,
        null,
        null,
        null,
        null,
        null,
        1,
        null,
        null,
        null,
        null,
        1,
        null,
        null,
        1,
        1,
        null,
        null,
        null,
        null,
        1,
        1,
        null,
        null,
        1,
        null,
        null,
        1,
        null,
        null,
        1,
        null,
        1,
        null,
        null,
        null,
        null,
        1,
        null,
        null,
        1,
        null,
        null,
        null,
        null
      ],
      "/Users/khockman/Desktop/Code/NP_team-week/config/initializers/application_controller_renderer.rb": [
        null,
        null,
        null,
        null,
        null,
        null,
        null,
        null
      ],
      "/Users/khockman/Desktop/Code/NP_team-week/config/initializers/assets.rb": [
        null,
        null,
        null,
        1,
        null,
        null,
        null,
        null,
        1,
        null,
        null,
        null,
        null,
        null
      ],
      "/Users/khockman/Desktop/Code/NP_team-week/config/initializers/backtrace_silencers.rb": [
        null,
        null,
        null,
        null,
        null,
        null,
        null
      ],
      "/Users/khockman/Desktop/Code/NP_team-week/config/initializers/content_security_policy.rb": [
        null,
        null,
        null,
        null,
        null,
        null,
        null,
        null,
        null,
        null,
        null,
        null,
        null,
        null,
        null,
        null,
        null,
        null,
        null,
        null,
        null,
        null,
        null,
        null,
        null
      ],
      "/Users/khockman/Desktop/Code/NP_team-week/config/initializers/cookies_serializer.rb": [
        null,
        null,
        null,
        null,
        1
      ],
      "/Users/khockman/Desktop/Code/NP_team-week/config/initializers/devise.rb": [
        null,
        null,
        null,
        null,
        1,
        null,
        null,
        null,
        null,
        null,
        null,
        null,
        null,
        null,
        null,
        null,
        null,
        null,
        null,
        null,
        1,
        null,
        null,
        null,
        null,
        null,
        null,
        null,
        null,
        null,
        null,
        null,
        1,
        null,
        null,
        null,
        null,
        null,
        null,
        null,
        null,
        null,
        null,
        null,
        null,
        null,
        null,
        null,
        null,
        null,
        null,
        null,
        null,
        null,
        1,
        null,
        null,
        null,
        null,
        1,
        null,
        null,
        null,
        null,
        null,
        null,
        null,
        null,
        null,
        null,
        null,
        null,
        null,
        null,
        null,
        null,
        null,
        null,
        null,
        null,
        null,
        null,
        null,
        null,
        null,
        null,
        null,
        null,
        null,
        null,
        1,
        null,
        null,
        null,
        null,
        null,
        null,
        null,
        null,
        null,
        null,
        null,
        null,
        null,
        null,
        null,
        null,
        null,
        null,
        null,
        null,
        null,
        null,
        1,
        null,
        null,
        null,
        null,
        null,
        null,
        null,
        null,
        null,
        null,
        null,
        null,
        null,
        null,
        null,
        null,
        null,
        null,
        null,
        null,
        null,
        null,
        null,
        null,
        null,
        null,
        null,
        null,
        null,
        null,
        1,
        null,
        null,
        null,
        null,
        null,
        null,
        null,
        null,
        null,
        1,
        null,
        null,
        null,
        null,
        null,
        null,
        null,
        null,
        null,
        null,
        1,
        null,
        null,
        null,
        null,
        1,
        null,
        null,
        null,
        null,
        null,
        null,
        null,
        null,
        null,
        null,
        null,
        null,
        null,
        null,
        null,
        null,
        null,
        null,
        null,
        null,
        null,
        null,
        null,
        null,
        null,
        null,
        null,
        null,
        null,
        null,
        null,
        null,
        null,
        null,
        null,
        null,
        null,
        null,
        null,
        null,
        1,
        null,
        null,
        null,
        null,
        null,
        null,
        null,
        null,
        null,
        null,
        null,
        null,
        null,
        null,
        null,
        null,
        null,
        null,
        null,
        null,
        null,
        null,
        null,
        null,
        null,
        null,
        null,
        null,
        null,
        null,
        null,
        null,
        null,
        null,
        null,
        null,
        null,
        null,
        null,
        null,
        null,
        1,
        null,
        null,
        null,
        null,
        null,
        null,
        null,
        null,
        null,
        null,
        null,
        null,
        null,
        null,
        null,
        null,
        null,
        null,
        null,
        null,
        null,
        null,
        null,
        null,
        null,
        null,
        null,
        null,
        null,
        null,
        null,
        null,
        null,
        null,
        null,
        null
      ],
      "/Users/khockman/Desktop/Code/NP_team-week/config/initializers/filter_parameter_logging.rb": [
        null,
        null,
        null,
        1
      ],
      "/Users/khockman/Desktop/Code/NP_team-week/config/initializers/inflections.rb": [
        null,
        null,
        null,
        null,
        null,
        null,
        null,
        null,
        null,
        null,
        null,
        null,
        null,
        null,
        null,
        null
      ],
      "/Users/khockman/Desktop/Code/NP_team-week/config/initializers/mime_types.rb": [
        null,
        null,
        null,
        null
      ],
      "/Users/khockman/Desktop/Code/NP_team-week/config/initializers/stripe.rb": [
        1,
        null,
        null,
        null,
        null,
        1,
        null,
        null,
        null,
        null
      ],
      "/Users/khockman/Desktop/Code/NP_team-week/config/initializers/wrap_parameters.rb": [
        null,
        null,
        null,
        null,
        null,
        null,
        1,
        2,
        null,
        null,
        null,
        null,
        null,
        null
      ],
      "/Users/khockman/Desktop/Code/NP_team-week/config/routes.rb": [
        1,
        null,
        1,
        1,
        1,
        null,
        1,
        1,
        null,
        null,
        1,
        null,
        1,
        1,
        null,
        1,
        null,
        1,
        null,
        null
      ],
      "/Users/khockman/Desktop/Code/NP_team-week/app/models/user.rb": [
        1,
        null,
        null,
        1,
        null,
        null
      ],
      "/Users/khockman/Desktop/Code/NP_team-week/app/models/application_record.rb": [
        1,
        1,
        null
      ],
      "/Users/khockman/Desktop/Code/NP_team-week/app/controllers/application_controller.rb": [
        1,
        1,
        1,
        null,
        1,
        0,
        0,
        null,
        0,
        null,
        null,
        null
      ],
      "/Users/khockman/Desktop/Code/NP_team-week/app/helpers/application_helper.rb": [
        1,
        null
      ],
      "/Users/khockman/Desktop/Code/NP_team-week/app/helpers/charges_helper.rb": [
        1,
        null
      ],
      "/Users/khockman/Desktop/Code/NP_team-week/app/channels/application_cable/channel.rb": [
        1,
        1,
        null,
        null
      ],
      "/Users/khockman/Desktop/Code/NP_team-week/app/channels/application_cable/connection.rb": [
        1,
        1,
        null,
        null
      ],
      "/Users/khockman/Desktop/Code/NP_team-week/app/controllers/carts_controller.rb": [
        1,
        null,
        1,
        0,
        0,
        0,
        0,
        0,
        null,
        0,
        null,
        null,
        null,
        1,
        0,
        null,
        null,
        null,
        1,
        null,
        0,
        null,
        0,
        null,
        null,
        null,
        null,
        0,
        null,
        null,
        null,
        null,
        null,
        null,
        null,
        0,
        0,
        null,
        null
      ],
      "/Users/khockman/Desktop/Code/NP_team-week/app/controllers/charges_controller.rb": [
        1,
        1,
        0,
        null,
        null,
        1,
        null,
        0,
        null,
        0,
        null,
        null,
        null,
        null,
        0,
        null,
        null,
        null,
        null,
        null,
        null,
        null,
        0,
        0,
        null,
        null,
        null,
        null
      ],
      "/Users/khockman/Desktop/Code/NP_team-week/app/controllers/home_controller.rb": [
        1,
        null,
        1,
        0,
        null,
        null,
        null,
        null
      ],
      "/Users/khockman/Desktop/Code/NP_team-week/app/controllers/nonprofits_controller.rb": [
        1,
        1,
        0,
        null,
        null,
        1,
        0,
        0,
        null,
        null
      ],
      "/Users/khockman/Desktop/Code/NP_team-week/app/controllers/order_items_controller.rb": [
        1,
        null,
        1,
        0,
        0,
        0,
        0,
        0,
        null,
        null,
        1,
        0,
        0,
        0,
        0,
        0,
        null,
        null,
        1,
        null,
        1,
        0,
        null,
        null
      ],
      "/Users/khockman/Desktop/Code/NP_team-week/app/controllers/orders_controller.rb": [
        1,
        1,
        0,
        0,
        null,
        null,
        1,
        0,
        0,
        0,
        0,
        0,
        0,
        null,
        null,
        null
      ],
      "/Users/khockman/Desktop/Code/NP_team-week/app/controllers/types_controller.rb": [
        1,
        1,
        0,
        null,
        null,
        1,
        0,
        0,
        null,
        null
      ],
      "/Users/khockman/Desktop/Code/NP_team-week/app/controllers/user_controller.rb": [
        1,
        null,
        1,
        0,
        null,
        null,
        1,
        0,
        null,
        null,
        1,
        0,
        null,
        null,
        1,
        0,
        0,
        0,
        null,
        0,
        null,
        null,
        null,
        null
      ],
      "/Users/khockman/Desktop/Code/NP_team-week/app/jobs/application_job.rb": [
        1,
        null
      ],
      "/Users/khockman/Desktop/Code/NP_team-week/app/mailers/application_mailer.rb": [
        1,
        1,
        1,
        null
      ],
      "/Users/khockman/Desktop/Code/NP_team-week/app/models/nonprofit.rb": [
        1,
        1,
        1,
        null,
        1,
        1,
        null
      ],
      "/Users/khockman/Desktop/Code/NP_team-week/app/models/order.rb": [
        1,
        1,
        1,
        1,
        null,
        1,
        0,
        null,
        null,
        1,
        0,
        null,
        null,
        null,
        1,
        null,
        1,
        0,
        0,
        null,
        null,
        null,
        1,
        0,
        null,
        null,
        null
      ],
      "/Users/khockman/Desktop/Code/NP_team-week/app/models/order_item.rb": [
        1,
        1,
        1,
        null
      ],
      "/Users/khockman/Desktop/Code/NP_team-week/app/models/type.rb": [
        1,
        1,
        null
      ],
      "/Users/khockman/Desktop/Code/NP_team-week/spec/factories.rb": [
        1,
        1,
        2,
        2,
        null,
        null,
        1,
        1,
        null,
        null,
        null,
        null,
        1,
        1,
        1,
        null,
        null,
        1,
        1,
        1,
        1,
        1,
        null,
        null,
        1,
        1,
        null,
        null,
        null,
        null
      ],
      "/Users/khockman/Desktop/Code/NP_team-week/spec/models/order_items_spec.rb": [
        null,
        1,
        null,
        1,
        2,
        2,
        null
      ],
      "/Users/khockman/Desktop/Code/NP_team-week/spec/models/order_spec.rb": [
        1,
        null,
        1,
        2,
        null,
        null,
        null
      ],
      "/Users/khockman/Desktop/Code/NP_team-week/spec/models/type_spec.rb": [
        null,
        1,
        null,
        1,
        2,
        null
      ],
      "/Users/khockman/Desktop/Code/NP_team-week/spec/models/user_spec.rb": [
        1,
        null,
        1,
        1,
        1,
        1,
        null,
        null
      ]
    },
    "timestamp": 1545150475
  }
}
